<?xml version="1.0"?>
<!DOCTYPE coverage SYSTEM "http://cobertura.sourceforge.net/xml/coverage-04.dtd">

<coverage line-rate="0.5" branch-rate="1.0" lines-covered="1" lines-valid="2" branches-covered="0" branches-valid="0" complexity="1.0" version="1.9.4.1" timestamp="1585073673009">
	<sources>
		<source>--source</source>
		<source>/home/vadis/.nextcloud/iths/automtest.20/lab5/src/main/java</source>
	</sources>
	<packages>
		<package name="" line-rate="0.5" branch-rate="1.0" complexity="1.0">
			<classes>
				<class name="Foo" filename="Foo.java" line-rate="0.5" branch-rate="1.0" complexity="1.0">
					<methods>
						<method name="&lt;init&gt;" signature="()V" line-rate="0.0" branch-rate="1.0">
							<lines>
								<line number="1" hits="0" branch="false"/>
							</lines>
						</method>
						<method name="myMethod" signature="()Z" line-rate="1.0" branch-rate="1.0">
							<lines>
								<line number="3" hits="6" branch="false"/>
							</lines>
						</method>
					</methods>
					<lines>
						<line number="1" hits="0" branch="false"/>
						<line number="3" hits="6" branch="false"/>
					</lines>
				</class>
			</classes>
		</package>
	</packages>
</coverage>
