<?xml version="1.0" encoding="UTF-8"?>
<robot generator="Robot 3.1.2 (Python 3.8.1 on linux)" generated="20200319 14:07:21.976" rpa="false">
<suite id="s1" name="Car" source="/home/vadis/.nextcloud/iths/automtest.20/lab5/robot/car.robot">
<test id="s1-t1" name="VG_test">
<kw name="Begin Web Test" library="keywords" type="setup">
<kw name="Open Browser" library="SeleniumLibrary">
<doc>Opens a new browser instance to the optional ``url``.</doc>
<arguments>
<arg>about:blank</arg>
<arg>${BROWSER}</arg>
</arguments>
<msg timestamp="20200319 14:07:22.177" level="INFO">Opening browser 'headlessfirefox' to base url 'about:blank'.</msg>
<msg timestamp="20200319 14:07:22.178" level="INFO">Firefox driver log is always forced to to: /home/vadis/.nextcloud/iths/automtest.20/lab5/results/geckodriver-15.log</msg>
<status status="PASS" starttime="20200319 14:07:22.177" endtime="20200319 14:07:25.180"></status>
</kw>
<kw name="Maximize Browser Window" library="SeleniumLibrary">
<doc>Maximizes current browser window.</doc>
<status status="PASS" starttime="20200319 14:07:25.181" endtime="20200319 14:07:25.184"></status>
</kw>
<kw name="Go To Web Page" library="keywords">
<kw name="Go To" library="SeleniumLibrary">
<doc>Navigates the current browser window to the provided ``url``.</doc>
<arguments>
<arg>${URL}</arg>
</arguments>
<msg timestamp="20200319 14:07:25.185" level="INFO">Opening url 'http://rental19.infotiv.net/'</msg>
<status status="PASS" starttime="20200319 14:07:25.184" endtime="20200319 14:07:25.599"></status>
</kw>
<status status="PASS" starttime="20200319 14:07:25.184" endtime="20200319 14:07:25.599"></status>
</kw>
<kw name="Verify Page Loaded" library="keywords">
<kw name="Get Text" library="SeleniumLibrary">
<doc>Returns the text value of the element identified by ``locator``.</doc>
<arguments>
<arg>id:questionText</arg>
</arguments>
<assign>
<var>${link_text}</var>
</assign>
<msg timestamp="20200319 14:07:25.628" level="INFO">${link_text} = When do you want to make your trip?</msg>
<status status="PASS" starttime="20200319 14:07:25.600" endtime="20200319 14:07:25.628"></status>
</kw>
<kw name="Should Be Equal" library="BuiltIn">
<doc>Fails if the given objects are unequal.</doc>
<arguments>
<arg>${link_text}</arg>
<arg>When do you want to make your trip?</arg>
</arguments>
<status status="PASS" starttime="20200319 14:07:25.628" endtime="20200319 14:07:25.629"></status>
</kw>
<status status="PASS" starttime="20200319 14:07:25.599" endtime="20200319 14:07:25.629"></status>
</kw>
<status status="PASS" starttime="20200319 14:07:22.176" endtime="20200319 14:07:25.629"></status>
</kw>
<kw name="Given User Is Already Registered And Logged In">
<kw name="Go To Web Page" library="keywords">
<kw name="Go To" library="SeleniumLibrary">
<doc>Navigates the current browser window to the provided ``url``.</doc>
<arguments>
<arg>${URL}</arg>
</arguments>
<msg timestamp="20200319 14:07:25.631" level="INFO">Opening url 'http://rental19.infotiv.net/'</msg>
<status status="PASS" starttime="20200319 14:07:25.631" endtime="20200319 14:07:25.909"></status>
</kw>
<status status="PASS" starttime="20200319 14:07:25.630" endtime="20200319 14:07:25.909"></status>
</kw>
<kw name="Verify Page Loaded" library="keywords">
<kw name="Get Text" library="SeleniumLibrary">
<doc>Returns the text value of the element identified by ``locator``.</doc>
<arguments>
<arg>id:questionText</arg>
</arguments>
<assign>
<var>${link_text}</var>
</assign>
<msg timestamp="20200319 14:07:25.945" level="INFO">${link_text} = When do you want to make your trip?</msg>
<status status="PASS" starttime="20200319 14:07:25.910" endtime="20200319 14:07:25.945"></status>
</kw>
<kw name="Should Be Equal" library="BuiltIn">
<doc>Fails if the given objects are unequal.</doc>
<arguments>
<arg>${link_text}</arg>
<arg>When do you want to make your trip?</arg>
</arguments>
<status status="PASS" starttime="20200319 14:07:25.945" endtime="20200319 14:07:25.945"></status>
</kw>
<status status="PASS" starttime="20200319 14:07:25.909" endtime="20200319 14:07:25.945"></status>
</kw>
<kw name="Enter Email" library="keywords">
<arguments>
<arg>${EMAIL}</arg>
</arguments>
<kw name="Input Text" library="SeleniumLibrary">
<doc>Types the given ``text`` into the text field identified by ``locator``.</doc>
<arguments>
<arg>xpath://input[@id="email"]</arg>
<arg>${email}</arg>
</arguments>
<msg timestamp="20200319 14:07:25.946" level="INFO">Typing text 'last@chance.com' into text field 'xpath://input[@id="email"]'.</msg>
<status status="PASS" starttime="20200319 14:07:25.946" endtime="20200319 14:07:26.004"></status>
</kw>
<status status="PASS" starttime="20200319 14:07:25.946" endtime="20200319 14:07:26.004"></status>
</kw>
<kw name="ENTER PASSWORD" library="keywords">
<arguments>
<arg>${PASSWORD}</arg>
</arguments>
<kw name="Input Text" library="SeleniumLibrary">
<doc>Types the given ``text`` into the text field identified by ``locator``.</doc>
<arguments>
<arg>xpath://input[@id="password"]</arg>
<arg>${password}</arg>
</arguments>
<msg timestamp="20200319 14:07:26.005" level="INFO">Typing text 'password' into text field 'xpath://input[@id="password"]'.</msg>
<status status="PASS" starttime="20200319 14:07:26.005" endtime="20200319 14:07:26.041"></status>
</kw>
<status status="PASS" starttime="20200319 14:07:26.004" endtime="20200319 14:07:26.042"></status>
</kw>
<kw name="Click Button Login" library="keywords">
<kw name="Click Button" library="SeleniumLibrary">
<doc>Clicks the button identified by ``locator``.</doc>
<arguments>
<arg>xpath://button[@id="login"]</arg>
</arguments>
<msg timestamp="20200319 14:07:26.046" level="INFO">Clicking button 'xpath://button[@id="login"]'.</msg>
<status status="PASS" starttime="20200319 14:07:26.045" endtime="20200319 14:07:26.584"></status>
</kw>
<status status="PASS" starttime="20200319 14:07:26.044" endtime="20200319 14:07:26.585"></status>
</kw>
<kw name="Page Should Contain" library="SeleniumLibrary">
<doc>Verifies that current page contains ``text``.</doc>
<arguments>
<arg>You are signed in as ${FNAME}</arg>
</arguments>
<msg timestamp="20200319 14:07:26.606" level="INFO">Current page contains text 'You are signed in as AnonymouzIz'.</msg>
<status status="PASS" starttime="20200319 14:07:26.585" endtime="20200319 14:07:26.606"></status>
</kw>
<status status="PASS" starttime="20200319 14:07:25.630" endtime="20200319 14:07:26.606"></status>
</kw>
<kw name="When User Clicks The About-Link">
<kw name="Click Element" library="SeleniumLibrary">
<doc>Click the element identified by ``locator``.</doc>
<arguments>
<arg>xpath://a[@id="about"]</arg>
</arguments>
<msg timestamp="20200319 14:07:26.607" level="INFO">Clicking element 'xpath://a[@id="about"]'.</msg>
<status status="PASS" starttime="20200319 14:07:26.607" endtime="20200319 14:07:26.839"></status>
</kw>
<kw name="Wait Until Page Contains" library="SeleniumLibrary">
<doc>Waits until ``text`` appears on the current page.</doc>
<arguments>
<arg>Homepage version:</arg>
</arguments>
<status status="PASS" starttime="20200319 14:07:26.839" endtime="20200319 14:07:26.856"></status>
</kw>
<status status="PASS" starttime="20200319 14:07:26.607" endtime="20200319 14:07:26.856"></status>
</kw>
<kw name="Then User Expects To Access Documentation &amp; Source Files">
<kw name="Click Element" library="SeleniumLibrary">
<doc>Click the element identified by ``locator``.</doc>
<arguments>
<arg>xpath://a[@id="linkButton"][@href="/webpage/documentation/index.html"]</arg>
</arguments>
<msg timestamp="20200319 14:07:26.857" level="INFO">Clicking element 'xpath://a[@id="linkButton"][@href="/webpage/documentation/index.html"]'.</msg>
<status status="PASS" starttime="20200319 14:07:26.857" endtime="20200319 14:07:26.886"></status>
</kw>
<kw name="Switch Window" library="SeleniumLibrary">
<doc>Switches to browser window matching ``locator``.</doc>
<arguments>
<arg>url:http://rental19.infotiv.net/webpage/html/gui/about.php</arg>
</arguments>
<status status="PASS" starttime="20200319 14:07:26.887" endtime="20200319 14:07:27.131"></status>
</kw>
<kw name="Switch Window" library="SeleniumLibrary">
<doc>Switches to browser window matching ``locator``.</doc>
<arguments>
<arg>locator=new</arg>
</arguments>
<status status="PASS" starttime="20200319 14:07:27.132" endtime="20200319 14:07:27.204"></status>
</kw>
<kw name="Set Window Position" library="SeleniumLibrary">
<doc>Sets window position using ``x`` and ``y`` coordinates.</doc>
<arguments>
<arg>100</arg>
<arg>100</arg>
</arguments>
<status status="PASS" starttime="20200319 14:07:27.204" endtime="20200319 14:07:27.232"></status>
</kw>
<kw name="Set Window Size" library="SeleniumLibrary">
<doc>Sets current windows size to given ``width`` and ``height``.</doc>
<arguments>
<arg>900</arg>
<arg>500</arg>
</arguments>
<status status="PASS" starttime="20200319 14:07:27.232" endtime="20200319 14:07:27.263"></status>
</kw>
<kw name="Page Should Contain" library="SeleniumLibrary">
<doc>Verifies that current page contains ``text``.</doc>
<arguments>
<arg>To simply view the homepage</arg>
</arguments>
<msg timestamp="20200319 14:07:27.273" level="INFO">Current page contains text 'To simply view the homepage'.</msg>
<status status="PASS" starttime="20200319 14:07:27.263" endtime="20200319 14:07:27.273"></status>
</kw>
<kw name="Browse Documentation">
<arguments>
<arg>xpath://a[@href="#line2"]</arg>
</arguments>
<kw name="Click Link" library="SeleniumLibrary">
<doc>Clicks a link identified by ``locator``.</doc>
<arguments>
<arg>${anchor}</arg>
</arguments>
<msg timestamp="20200319 14:07:27.274" level="INFO">Clicking link 'xpath://a[@href="#line2"]'.</msg>
<status status="PASS" starttime="20200319 14:07:27.274" endtime="20200319 14:07:28.037"></status>
</kw>
<status status="PASS" starttime="20200319 14:07:27.273" endtime="20200319 14:07:28.037"></status>
</kw>
<kw name="Browse Documentation">
<arguments>
<arg>xpath://a[@href="#line3"]</arg>
</arguments>
<kw name="Click Link" library="SeleniumLibrary">
<doc>Clicks a link identified by ``locator``.</doc>
<arguments>
<arg>${anchor}</arg>
</arguments>
<msg timestamp="20200319 14:07:28.038" level="INFO">Clicking link 'xpath://a[@href="#line3"]'.</msg>
<status status="PASS" starttime="20200319 14:07:28.038" endtime="20200319 14:07:28.270"></status>
</kw>
<status status="PASS" starttime="20200319 14:07:28.037" endtime="20200319 14:07:28.270"></status>
</kw>
<kw name="Browse Documentation">
<arguments>
<arg>xpath://a[@href="#line4"]</arg>
</arguments>
<kw name="Click Link" library="SeleniumLibrary">
<doc>Clicks a link identified by ``locator``.</doc>
<arguments>
<arg>${anchor}</arg>
</arguments>
<msg timestamp="20200319 14:07:28.270" level="INFO">Clicking link 'xpath://a[@href="#line4"]'.</msg>
<status status="PASS" starttime="20200319 14:07:28.270" endtime="20200319 14:07:28.492"></status>
</kw>
<status status="PASS" starttime="20200319 14:07:28.270" endtime="20200319 14:07:28.492"></status>
</kw>
<kw name="Browse Documentation">
<arguments>
<arg>xpath://a[@href="#line5"]</arg>
</arguments>
<kw name="Click Link" library="SeleniumLibrary">
<doc>Clicks a link identified by ``locator``.</doc>
<arguments>
<arg>${anchor}</arg>
</arguments>
<msg timestamp="20200319 14:07:28.493" level="INFO">Clicking link 'xpath://a[@href="#line5"]'.</msg>
<status status="PASS" starttime="20200319 14:07:28.492" endtime="20200319 14:07:28.749"></status>
</kw>
<status status="PASS" starttime="20200319 14:07:28.492" endtime="20200319 14:07:28.750"></status>
</kw>
<kw name="Browse Documentation">
<arguments>
<arg>xpath://a[@href="#line1"]</arg>
</arguments>
<kw name="Click Link" library="SeleniumLibrary">
<doc>Clicks a link identified by ``locator``.</doc>
<arguments>
<arg>${anchor}</arg>
</arguments>
<msg timestamp="20200319 14:07:28.752" level="INFO">Clicking link 'xpath://a[@href="#line1"]'.</msg>
<status status="PASS" starttime="20200319 14:07:28.751" endtime="20200319 14:07:28.979"></status>
</kw>
<status status="PASS" starttime="20200319 14:07:28.750" endtime="20200319 14:07:28.979"></status>
</kw>
<kw name="Browse Documentation">
<arguments>
<arg>xpath://html/body/div/div/div/div[2]/section[2]/div[1]/div/h2/a</arg>
</arguments>
<kw name="Click Link" library="SeleniumLibrary">
<doc>Clicks a link identified by ``locator``.</doc>
<arguments>
<arg>${anchor}</arg>
</arguments>
<msg timestamp="20200319 14:07:28.980" level="INFO">Clicking link 'xpath://html/body/div/div/div/div[2]/section[2]/div[1]/div/h2/a'.</msg>
<status status="PASS" starttime="20200319 14:07:28.980" endtime="20200319 14:07:29.217"></status>
</kw>
<status status="PASS" starttime="20200319 14:07:28.979" endtime="20200319 14:07:29.218"></status>
</kw>
<kw name="Switch Window" library="SeleniumLibrary">
<doc>Switches to browser window matching ``locator``.</doc>
<arguments>
<arg>url:http://rental19.infotiv.net/webpage/html/gui/about.php</arg>
</arguments>
<status status="PASS" starttime="20200319 14:07:29.218" endtime="20200319 14:07:29.257"></status>
</kw>
<kw name="Browse Documentation">
<arguments>
<arg>xpath://a[@id="linkButton"][@href="https://projekt.infotiv.se/projects/itd-car-rental/repository"]</arg>
</arguments>
<kw name="Click Link" library="SeleniumLibrary">
<doc>Clicks a link identified by ``locator``.</doc>
<arguments>
<arg>${anchor}</arg>
</arguments>
<msg timestamp="20200319 14:07:29.258" level="INFO">Clicking link 'xpath://a[@id="linkButton"][@href="https://projekt.infotiv.se/projects/itd-car-rental/repository"]'.</msg>
<status status="PASS" starttime="20200319 14:07:29.258" endtime="20200319 14:07:29.530"></status>
</kw>
<status status="PASS" starttime="20200319 14:07:29.258" endtime="20200319 14:07:29.531"></status>
</kw>
<kw name="Switch Window" library="SeleniumLibrary">
<doc>Switches to browser window matching ``locator``.</doc>
<arguments>
<arg>locator=new</arg>
</arguments>
<status status="PASS" starttime="20200319 14:07:29.531" endtime="20200319 14:07:29.553"></status>
</kw>
<kw name="Set Window Size" library="SeleniumLibrary">
<doc>Sets current windows size to given ``width`` and ``height``.</doc>
<arguments>
<arg>900</arg>
<arg>500</arg>
</arguments>
<status status="PASS" starttime="20200319 14:07:29.554" endtime="20200319 14:07:29.569"></status>
</kw>
<kw name="Set Window Position" library="SeleniumLibrary">
<doc>Sets window position using ``x`` and ``y`` coordinates.</doc>
<arguments>
<arg>150</arg>
<arg>150</arg>
</arguments>
<status status="PASS" starttime="20200319 14:07:29.570" endtime="20200319 14:07:29.591"></status>
</kw>
<kw name="Page Should Not Contain" library="SeleniumLibrary">
<doc>Verifies the current page does not contain ``text``.</doc>
<arguments>
<arg>//Script that inserts todays date in the start date and end date</arg>
</arguments>
<msg timestamp="20200319 14:07:29.631" level="INFO">Current page does not contain text '//Script that inserts todays date in the start date and end date'.</msg>
<status status="PASS" starttime="20200319 14:07:29.591" endtime="20200319 14:07:29.632"></status>
</kw>
<kw name="Wait Until Page Contains" library="SeleniumLibrary">
<doc>Waits until ``text`` appears on the current page.</doc>
<arguments>
<arg>Unable to connect</arg>
<arg>timeout=30</arg>
</arguments>
<status status="PASS" starttime="20200319 14:07:29.632" endtime="20200319 14:07:32.725"></status>
</kw>
<kw name="Close Window" library="SeleniumLibrary">
<doc>Closes currently opened and selected browser window/tab.</doc>
<status status="PASS" starttime="20200319 14:07:32.725" endtime="20200319 14:07:32.744"></status>
</kw>
<kw name="Switch Window" library="SeleniumLibrary">
<doc>Switches to browser window matching ``locator``.</doc>
<arguments>
<arg>url:http://rental19.infotiv.net/webpage/documentation/index.html</arg>
</arguments>
<status status="PASS" starttime="20200319 14:07:32.745" endtime="20200319 14:07:32.791"></status>
</kw>
<kw name="Close Window" library="SeleniumLibrary">
<doc>Closes currently opened and selected browser window/tab.</doc>
<status status="PASS" starttime="20200319 14:07:32.791" endtime="20200319 14:07:32.806"></status>
</kw>
<status status="PASS" starttime="20200319 14:07:26.856" endtime="20200319 14:07:32.807"></status>
</kw>
<kw name="End Web Test" library="keywords" type="teardown">
<kw name="Close Browser" library="SeleniumLibrary">
<doc>Closes the current browser.</doc>
<status status="PASS" starttime="20200319 14:07:32.809" endtime="20200319 14:07:34.698"></status>
</kw>
<status status="PASS" starttime="20200319 14:07:32.808" endtime="20200319 14:07:34.698"></status>
</kw>
<doc>Beteende och acceptansdrivet funktionellt test av website. Användaren loggar in, klickar på 'About' och läser dokumentation och källkod.</doc>
<tags>
<tag>VG_test</tag>
</tags>
<status status="PASS" starttime="20200319 14:07:22.173" endtime="20200319 14:07:34.698" critical="yes"></status>
</test>
<doc>Global documentation</doc>
<status status="PASS" starttime="20200319 14:07:21.977" endtime="20200319 14:07:34.699"></status>
</suite>
<statistics>
<total>
<stat pass="1" fail="0">Critical Tests</stat>
<stat pass="1" fail="0">All Tests</stat>
</total>
<tag>
<stat pass="1" fail="0">VG_test</stat>
</tag>
<suite>
<stat pass="1" fail="0" id="s1" name="Car">Car</stat>
</suite>
</statistics>
<errors>
</errors>
</robot>
